<?xml version="1.0" encoding="UTF-8"?>
<!-- Generated by org.testng.reporters.JUnitReportReporter -->
<testsuite hostname="LAPTOP-ODIK6SBS" failures="0" tests="4" name="tests.writerPageTest" time="32.442" errors="0" timestamp="05 Nov 2023 16:40:03 GMT" skipped="0">
  <testcase classname="tests.writerPageTest" name="writerPageTest" time="12.262"/>
  <testcase classname="tests.writerPageTest" name="selectCategory" time="14.660"/>
  <testcase classname="tests.writerPageTest" name="scrollingPage" time="2.252"/>
  <testcase classname="tests.writerPageTest" name="moveToNxtPage" time="3.268"/>
</testsuite> <!-- tests.writerPageTest -->
