<?xml version="1.0" encoding="UTF-8"?>
<!-- Generated by org.testng.reporters.JUnitReportReporter -->
<testsuite hostname="LAPTOP-ODIK6SBS" failures="0" tests="1" name="tests.googleFormTest" time="12.723" errors="0" timestamp="03 Nov 2023 14:12:01 GMT" skipped="0">
  <testcase classname="tests.googleFormTest" name="gogleFormTest" time="12.723"/>
</testsuite> <!-- tests.googleFormTest -->
