<?xml version="1.0" encoding="UTF-8"?>
<!-- Generated by org.testng.reporters.JUnitReportReporter -->
<testsuite hostname="LAPTOP-ODIK6SBS" failures="0" tests="1" name="tests.shippingAddressPageTest" time="7.350" errors="0" timestamp="05 Nov 2023 17:40:56 GMT" skipped="0">
  <testcase classname="tests.shippingAddressPageTest" name="shippingAddress" time="7.350"/>
</testsuite> <!-- tests.shippingAddressPageTest -->
