<?xml version="1.0" encoding="UTF-8"?>
<!-- Generated by org.testng.reporters.JUnitReportReporter -->
<testsuite hostname="LAPTOP-ODIK6SBS" failures="0" tests="1" name="tests.homePageTest" time="3.385" errors="0" timestamp="11 Nov 2023 06:07:08 GMT" skipped="0">
  <testcase classname="tests.homePageTest" name="homePageTest" time="3.385"/>
</testsuite> <!-- tests.homePageTest -->
