<?xml version="1.0" encoding="UTF-8"?>
<!-- Generated by org.testng.reporters.JUnitReportReporter -->
<testsuite hostname="LAPTOP-ODIK6SBS" failures="0" tests="4" name="tests.addToCartBookTest" time="13.726" errors="0" timestamp="05 Nov 2023 16:40:03 GMT" skipped="0">
  <testcase classname="tests.addToCartBookTest" name="hoverTheFirstBook" time="2.404"/>
  <testcase classname="tests.addToCartBookTest" name="addToCartBookTest" time="3.366"/>
  <testcase classname="tests.addToCartBookTest" name="visitCart" time="4.296"/>
  <testcase classname="tests.addToCartBookTest" name="placeTheOrder" time="3.660"/>
</testsuite> <!-- tests.addToCartBookTest -->
