<?xml version="1.0" encoding="UTF-8"?>
<!-- Generated by org.testng.reporters.JUnitReportReporter -->
<testsuite hostname="LAPTOP-ODIK6SBS" failures="0" tests="4" name="tests.addToCartBookTest" time="12.685" errors="0" timestamp="11 Nov 2023 04:22:11 GMT" skipped="0">
  <testcase classname="tests.addToCartBookTest" name="hoverTheFirstBook" time="2.454"/>
  <testcase classname="tests.addToCartBookTest" name="addToCartBookTest" time="3.360"/>
  <testcase classname="tests.addToCartBookTest" name="visitCart" time="3.965"/>
  <testcase classname="tests.addToCartBookTest" name="placeTheOrder" time="2.906"/>
</testsuite> <!-- tests.addToCartBookTest -->
