<?xml version="1.0" encoding="UTF-8"?>
<!-- Generated by org.testng.reporters.JUnitReportReporter -->
<testsuite hostname="LAPTOP-ODIK6SBS" failures="0" tests="4" name="tests.writerPageTest" time="29.604" errors="0" timestamp="05 Nov 2023 07:50:46 GMT" skipped="0">
  <testcase classname="tests.writerPageTest" name="writerPageTest" time="12.054"/>
  <testcase classname="tests.writerPageTest" name="selectCategory" time="8.731"/>
  <testcase classname="tests.writerPageTest" name="scrollingPage" time="2.231"/>
  <testcase classname="tests.writerPageTest" name="moveToNxtPage" time="6.588"/>
</testsuite> <!-- tests.writerPageTest -->
