<?xml version="1.0" encoding="UTF-8"?>
<!-- Generated by org.testng.reporters.JUnitReportReporter -->
<testsuite hostname="LAPTOP-ODIK6SBS" failures="0" tests="4" name="tests.addToCartBookTest" time="12.771" errors="0" timestamp="05 Nov 2023 17:40:56 GMT" skipped="0">
  <testcase classname="tests.addToCartBookTest" name="hoverTheFirstBook" time="2.415"/>
  <testcase classname="tests.addToCartBookTest" name="addToCartBookTest" time="3.349"/>
  <testcase classname="tests.addToCartBookTest" name="visitCart" time="4.025"/>
  <testcase classname="tests.addToCartBookTest" name="placeTheOrder" time="2.982"/>
</testsuite> <!-- tests.addToCartBookTest -->
