<?xml version="1.0" encoding="UTF-8"?>
<!-- Generated by org.testng.reporters.JUnitReportReporter -->
<testsuite hostname="LAPTOP-ODIK6SBS" failures="0" tests="1" name="tests.shippingAddressPageTest" time="7.211" errors="0" timestamp="11 Nov 2023 04:22:11 GMT" skipped="0">
  <testcase classname="tests.shippingAddressPageTest" name="shippingAddress" time="7.211"/>
</testsuite> <!-- tests.shippingAddressPageTest -->
