<?xml version="1.0" encoding="UTF-8"?>
<!-- Generated by org.testng.reporters.JUnitReportReporter -->
<testsuite hostname="LAPTOP-ODIK6SBS" failures="0" tests="1" name="tests.homePageTest" time="3.360" errors="0" timestamp="05 Nov 2023 16:40:03 GMT" skipped="0">
  <testcase classname="tests.homePageTest" name="homePageTest" time="3.360"/>
</testsuite> <!-- tests.homePageTest -->
