<?xml version="1.0" encoding="UTF-8"?>
<!-- Generated by org.testng.reporters.JUnitReportReporter -->
<testsuite hostname="LAPTOP-ODIK6SBS" failures="0" tests="4" name="tests.writerPageTest" time="32.026" errors="0" timestamp="11 Nov 2023 04:22:11 GMT" skipped="0">
  <testcase classname="tests.writerPageTest" name="writerPageTest" time="12.136"/>
  <testcase classname="tests.writerPageTest" name="selectCategory" time="14.400"/>
  <testcase classname="tests.writerPageTest" name="scrollingPage" time="2.230"/>
  <testcase classname="tests.writerPageTest" name="moveToNxtPage" time="3.260"/>
</testsuite> <!-- tests.writerPageTest -->
