<?xml version="1.0" encoding="UTF-8"?>
<!-- Generated by org.testng.reporters.JUnitReportReporter -->
<testsuite hostname="LAPTOP-ODIK6SBS" failures="0" tests="4" name="tests.writerPageTest" time="31.507" errors="0" timestamp="05 Nov 2023 17:40:56 GMT" skipped="0">
  <testcase classname="tests.writerPageTest" name="writerPageTest" time="12.073"/>
  <testcase classname="tests.writerPageTest" name="selectCategory" time="13.969"/>
  <testcase classname="tests.writerPageTest" name="scrollingPage" time="2.232"/>
  <testcase classname="tests.writerPageTest" name="moveToNxtPage" time="3.233"/>
</testsuite> <!-- tests.writerPageTest -->
