<?xml version="1.0" encoding="UTF-8"?>
<!-- Generated by org.testng.reporters.JUnitReportReporter -->
<testsuite hostname="LAPTOP-ODIK6SBS" failures="0" tests="2" name="tests.writerModuleTest" time="12.108" errors="0" timestamp="05 Nov 2023 07:13:55 GMT" skipped="0">
  <testcase classname="tests.writerModuleTest" name="writerModuleTest" time="7.727"/>
  <testcase classname="tests.writerModuleTest" name="selectWriter" time="4.381"/>
</testsuite> <!-- tests.writerModuleTest -->
